d:\代码\c语言\迭代器\迭代器\debug\vc120.pdb
d:\代码\c语言\迭代器\迭代器\debug\vc120.idb
e:\浏览器\internet 临时文件\ie\jcs409h7\213[1]
e:\浏览器\internet 临时文件\ie\jcs409h7\300[1]
d:\代码\c语言\迭代器\迭代器\debug\test.nativecodeanalysis.xml
d:\代码\c语言\迭代器\迭代器\debug\test.obj
d:\代码\c++\迭代器\迭代器\debug\vc120.pdb
d:\代码\c++\迭代器\迭代器\debug\vc120.idb
d:\代码\c++\迭代器\迭代器\debug\test.obj
d:\代码\c语言\迭代器\debug\迭代器.ilk
d:\代码\c语言\迭代器\debug\迭代器.exe
d:\代码\c语言\迭代器\debug\迭代器.pdb
d:\代码\c++\迭代器\debug\迭代器.ilk
d:\代码\c++\迭代器\debug\迭代器.exe
d:\代码\c++\迭代器\debug\迭代器.pdb
d:\代码\c++\迭代器\迭代器\debug\nativecodeanalysis.read.1.tlog
d:\代码\c++\迭代器\迭代器\debug\test.nativecodeanalysis.xml
d:\代码\c++\迭代器\迭代器\debug\vc.nativecodeanalysis.all.xml
d:\代码\c++\迭代器\debug\迭代器.exe.lastcodeanalysissucceeded
d:\代码\c++\迭代器\迭代器\debug\迭代器.tlog\cl.command.1.tlog
d:\代码\c++\迭代器\迭代器\debug\迭代器.tlog\cl.read.1.tlog
d:\代码\c++\迭代器\迭代器\debug\迭代器.tlog\cl.write.1.tlog
d:\代码\c++\迭代器\迭代器\debug\迭代器.tlog\link.command.1.tlog
d:\代码\c++\迭代器\迭代器\debug\迭代器.tlog\link.read.1.tlog
d:\代码\c++\迭代器\迭代器\debug\迭代器.tlog\link.write.1.tlog
